<?xml version="1.0" encoding="UTF-8"?>
<!-- Generated by org.testng.reporters.JUnitReportReporter -->
<testsuite hostname="StudyRoom-PC" failures="0" tests="2" name="test.UpdateSubscriptionTest" time="36.018" errors="0" timestamp="2020-08-14T10:20:17 IST" skipped="0">
  <testcase classname="test.UpdateSubscriptionTest" name="retailerLogin" time="9.089"/>
  <system-out/>
  <testcase classname="test.UpdateSubscriptionTest" name="updatePlan" time="26.929"/>
  <system-out/>
</testsuite> <!-- test.UpdateSubscriptionTest -->
