<?xml version="1.0" encoding="UTF-8"?>
<!-- Generated by org.testng.reporters.JUnitReportReporter -->
<testsuite hostname="StudyRoom-PC" failures="0" tests="1" name="test.RetailerLoginTest" time="3.187" errors="0" timestamp="2020-07-14T18:56:49 IST" skipped="0">
  <testcase classname="test.RetailerLoginTest" name="testInvalidLogin" time="3.187"/>
  <system-out/>
</testsuite> <!-- test.RetailerLoginTest -->
